<?xml version="1.0" encoding="UTF-8"?>
<!-- Generated by org.testng.reporters.JUnitReportReporter -->
<testsuite hostname="DESKTOP-UETHT2K" failures="0" tests="1" name="br.com.dbserver.testcases.BuySuccessfullyTestCase" time="11.206" errors="0" timestamp="2021-02-25T14:49:15 BRT" skipped="0">
  <testcase classname="br.com.dbserver.testcases.BuySuccessfullyTestCase" name="test" time="11.206"/>
  <system-out/>
</testsuite> <!-- br.com.dbserver.testcases.BuySuccessfullyTestCase -->
