<?xml version="1.0" encoding="UTF-8"?>
<!-- Generated by org.testng.reporters.JUnitReportReporter -->
<testsuite hostname="DESKTOP-UETHT2K" failures="0" tests="1" name="br.com.dbserver.AppTest" time="0.030" errors="0" timestamp="2021-02-25T13:32:36 BRT" skipped="0">
  <testcase classname="br.com.dbserver.AppTest" name="shouldAnswerWithTrue" time="0.030"/>
  <system-out/>
</testsuite> <!-- br.com.dbserver.AppTest -->
